2023-03-22T08:37:44.126+01:00  INFO 15012 --- [restartedMain] c.e.c.ConverterKotlinApplicationKt       : Starting ConverterKotlinApplicationKt using Java 19.0.2 with PID 15012 (C:\Users\mf.FREUND\IdeaProjects\ConverterKotlin\build\classes\kotlin\main started by mf in C:\Users\mf.FREUND\IdeaProjects\ConverterKotlin)
2023-03-22T08:37:44.129+01:00  INFO 15012 --- [restartedMain] c.e.c.ConverterKotlinApplicationKt       : No active profile set, falling back to 1 default profile: "default"
2023-03-22T08:37:44.182+01:00  INFO 15012 --- [restartedMain] .e.DevToolsPropertyDefaultsPostProcessor : Devtools property defaults active! Set 'spring.devtools.add-properties' to 'false' to disable
2023-03-22T08:37:44.183+01:00  INFO 15012 --- [restartedMain] .e.DevToolsPropertyDefaultsPostProcessor : For additional web related logging consider setting the 'logging.level.web' property to 'DEBUG'
2023-03-22T08:37:44.612+01:00  INFO 15012 --- [restartedMain] .s.d.r.c.RepositoryConfigurationDelegate : Bootstrapping Spring Data JPA repositories in DEFAULT mode.
2023-03-22T08:37:44.624+01:00  INFO 15012 --- [restartedMain] .s.d.r.c.RepositoryConfigurationDelegate : Finished Spring Data repository scanning in 7 ms. Found 0 JPA repository interfaces.
2023-03-22T08:37:44.775+01:00  INFO 15012 --- [restartedMain] trationDelegate$BeanPostProcessorChecker : Bean 'org.springframework.ws.config.annotation.DelegatingWsConfiguration' of type [org.springframework.ws.config.annotation.DelegatingWsConfiguration$$SpringCGLIB$$0] is not eligible for getting processed by all BeanPostProcessors (for example: not eligible for auto-proxying)
2023-03-22T08:37:44.793+01:00  INFO 15012 --- [restartedMain] .w.s.a.s.AnnotationActionEndpointMapping : Supporting [WS-Addressing August 2004, WS-Addressing 1.0]
2023-03-22T08:37:44.977+01:00  INFO 15012 --- [restartedMain] o.s.b.w.embedded.tomcat.TomcatWebServer  : Tomcat initialized with port(s): 8082 (http)
2023-03-22T08:37:44.983+01:00  INFO 15012 --- [restartedMain] o.apache.catalina.core.StandardService   : Starting service [Tomcat]
2023-03-22T08:37:44.984+01:00  INFO 15012 --- [restartedMain] o.apache.catalina.core.StandardEngine    : Starting Servlet engine: [Apache Tomcat/10.1.5]
2023-03-22T08:37:45.015+01:00  INFO 15012 --- [restartedMain] o.a.c.c.C.[Tomcat].[localhost].[/]       : Initializing Spring embedded WebApplicationContext
2023-03-22T08:37:45.015+01:00  INFO 15012 --- [restartedMain] w.s.c.ServletWebServerApplicationContext : Root WebApplicationContext: initialization completed in 832 ms
2023-03-22T08:37:45.063+01:00  WARN 15012 --- [restartedMain] ConfigServletWebServerApplicationContext : Exception encountered during context initialization - cancelling refresh attempt: org.springframework.beans.factory.UnsatisfiedDependencyException: Error creating bean with name 'dataSourceScriptDatabaseInitializer' defined in class path resource [org/springframework/boot/autoconfigure/sql/init/DataSourceInitializationConfiguration.class]: Unsatisfied dependency expressed through method 'dataSourceScriptDatabaseInitializer' parameter 0: Error creating bean with name 'dataSource' defined in class path resource [org/springframework/boot/autoconfigure/jdbc/DataSourceConfiguration$Hikari.class]: Failed to instantiate [com.zaxxer.hikari.HikariDataSource]: Factory method 'dataSource' threw exception with message: Failed to determine a suitable driver class
2023-03-22T08:37:45.066+01:00  INFO 15012 --- [restartedMain] o.apache.catalina.core.StandardService   : Stopping service [Tomcat]
2023-03-22T08:37:45.074+01:00  INFO 15012 --- [restartedMain] .s.b.a.l.ConditionEvaluationReportLogger : 

Error starting ApplicationContext. To display the condition evaluation report re-run your application with 'debug' enabled.
2023-03-22T08:37:45.087+01:00 ERROR 15012 --- [restartedMain] o.s.b.d.LoggingFailureAnalysisReporter   : 

***************************
APPLICATION FAILED TO START
***************************

Description:

Failed to configure a DataSource: 'url' attribute is not specified and no embedded datasource could be configured.

Reason: Failed to determine a suitable driver class


Action:

Consider the following:
	If you want an embedded database (H2, HSQL or Derby), please put it on the classpath.
	If you have database settings to be loaded from a particular profile you may need to activate it (no profiles are currently active).

2023-03-22T08:40:09.217+01:00  INFO 20816 --- [restartedMain] c.e.c.ConverterKotlinApplicationKt       : Starting ConverterKotlinApplicationKt using Java 19.0.2 with PID 20816 (C:\Users\mf.FREUND\IdeaProjects\ConverterKotlin\build\classes\kotlin\main started by mf in C:\Users\mf.FREUND\IdeaProjects\ConverterKotlin)
2023-03-22T08:40:09.219+01:00  INFO 20816 --- [restartedMain] c.e.c.ConverterKotlinApplicationKt       : No active profile set, falling back to 1 default profile: "default"
2023-03-22T08:40:09.275+01:00  INFO 20816 --- [restartedMain] .e.DevToolsPropertyDefaultsPostProcessor : Devtools property defaults active! Set 'spring.devtools.add-properties' to 'false' to disable
2023-03-22T08:40:09.275+01:00  INFO 20816 --- [restartedMain] .e.DevToolsPropertyDefaultsPostProcessor : For additional web related logging consider setting the 'logging.level.web' property to 'DEBUG'
2023-03-22T08:40:09.799+01:00  INFO 20816 --- [restartedMain] .s.d.r.c.RepositoryConfigurationDelegate : Bootstrapping Spring Data JPA repositories in DEFAULT mode.
2023-03-22T08:40:09.813+01:00  INFO 20816 --- [restartedMain] .s.d.r.c.RepositoryConfigurationDelegate : Finished Spring Data repository scanning in 8 ms. Found 0 JPA repository interfaces.
2023-03-22T08:40:10.011+01:00  INFO 20816 --- [restartedMain] trationDelegate$BeanPostProcessorChecker : Bean 'org.springframework.ws.config.annotation.DelegatingWsConfiguration' of type [org.springframework.ws.config.annotation.DelegatingWsConfiguration$$SpringCGLIB$$0] is not eligible for getting processed by all BeanPostProcessors (for example: not eligible for auto-proxying)
2023-03-22T08:40:10.059+01:00  INFO 20816 --- [restartedMain] .w.s.a.s.AnnotationActionEndpointMapping : Supporting [WS-Addressing August 2004, WS-Addressing 1.0]
2023-03-22T08:40:10.329+01:00  INFO 20816 --- [restartedMain] o.s.b.w.embedded.tomcat.TomcatWebServer  : Tomcat initialized with port(s): 8082 (http)
2023-03-22T08:40:10.337+01:00  INFO 20816 --- [restartedMain] o.apache.catalina.core.StandardService   : Starting service [Tomcat]
2023-03-22T08:40:10.337+01:00  INFO 20816 --- [restartedMain] o.apache.catalina.core.StandardEngine    : Starting Servlet engine: [Apache Tomcat/10.1.5]
2023-03-22T08:40:10.374+01:00  INFO 20816 --- [restartedMain] o.a.c.c.C.[Tomcat].[localhost].[/]       : Initializing Spring embedded WebApplicationContext
2023-03-22T08:40:10.374+01:00  INFO 20816 --- [restartedMain] w.s.c.ServletWebServerApplicationContext : Root WebApplicationContext: initialization completed in 1098 ms
2023-03-22T08:40:10.430+01:00  WARN 20816 --- [restartedMain] ConfigServletWebServerApplicationContext : Exception encountered during context initialization - cancelling refresh attempt: org.springframework.beans.factory.UnsatisfiedDependencyException: Error creating bean with name 'dataSourceScriptDatabaseInitializer' defined in class path resource [org/springframework/boot/autoconfigure/sql/init/DataSourceInitializationConfiguration.class]: Unsatisfied dependency expressed through method 'dataSourceScriptDatabaseInitializer' parameter 0: Error creating bean with name 'dataSource' defined in class path resource [org/springframework/boot/autoconfigure/jdbc/DataSourceConfiguration$Hikari.class]: Failed to instantiate [com.zaxxer.hikari.HikariDataSource]: Factory method 'dataSource' threw exception with message: Failed to determine a suitable driver class
2023-03-22T08:40:10.431+01:00  INFO 20816 --- [restartedMain] o.apache.catalina.core.StandardService   : Stopping service [Tomcat]
2023-03-22T08:40:10.443+01:00  INFO 20816 --- [restartedMain] .s.b.a.l.ConditionEvaluationReportLogger : 

Error starting ApplicationContext. To display the condition evaluation report re-run your application with 'debug' enabled.
2023-03-22T08:40:10.454+01:00 ERROR 20816 --- [restartedMain] o.s.b.d.LoggingFailureAnalysisReporter   : 

***************************
APPLICATION FAILED TO START
***************************

Description:

Failed to configure a DataSource: 'url' attribute is not specified and no embedded datasource could be configured.

Reason: Failed to determine a suitable driver class


Action:

Consider the following:
	If you want an embedded database (H2, HSQL or Derby), please put it on the classpath.
	If you have database settings to be loaded from a particular profile you may need to activate it (no profiles are currently active).

2023-03-22T08:46:57.919+01:00  INFO 19500 --- [restartedMain] c.e.c.ConverterKotlinApplicationKt       : Starting ConverterKotlinApplicationKt using Java 19.0.2 with PID 19500 (C:\Users\mf.FREUND\IdeaProjects\ConverterKotlin\build\classes\kotlin\main started by mf in C:\Users\mf.FREUND\IdeaProjects\ConverterKotlin)
2023-03-22T08:46:57.921+01:00  INFO 19500 --- [restartedMain] c.e.c.ConverterKotlinApplicationKt       : No active profile set, falling back to 1 default profile: "default"
2023-03-22T08:46:57.956+01:00  INFO 19500 --- [restartedMain] .e.DevToolsPropertyDefaultsPostProcessor : Devtools property defaults active! Set 'spring.devtools.add-properties' to 'false' to disable
2023-03-22T08:46:57.956+01:00  INFO 19500 --- [restartedMain] .e.DevToolsPropertyDefaultsPostProcessor : For additional web related logging consider setting the 'logging.level.web' property to 'DEBUG'
2023-03-22T08:46:58.465+01:00  INFO 19500 --- [restartedMain] .s.d.r.c.RepositoryConfigurationDelegate : Bootstrapping Spring Data JPA repositories in DEFAULT mode.
2023-03-22T08:46:58.483+01:00  INFO 19500 --- [restartedMain] .s.d.r.c.RepositoryConfigurationDelegate : Finished Spring Data repository scanning in 11 ms. Found 0 JPA repository interfaces.
2023-03-22T08:46:58.688+01:00  INFO 19500 --- [restartedMain] trationDelegate$BeanPostProcessorChecker : Bean 'org.springframework.ws.config.annotation.DelegatingWsConfiguration' of type [org.springframework.ws.config.annotation.DelegatingWsConfiguration$$SpringCGLIB$$0] is not eligible for getting processed by all BeanPostProcessors (for example: not eligible for auto-proxying)
2023-03-22T08:46:58.742+01:00  INFO 19500 --- [restartedMain] .w.s.a.s.AnnotationActionEndpointMapping : Supporting [WS-Addressing August 2004, WS-Addressing 1.0]
2023-03-22T08:46:59.019+01:00  INFO 19500 --- [restartedMain] o.s.b.w.embedded.tomcat.TomcatWebServer  : Tomcat initialized with port(s): 8082 (http)
2023-03-22T08:46:59.037+01:00  INFO 19500 --- [restartedMain] o.apache.catalina.core.StandardService   : Starting service [Tomcat]
2023-03-22T08:46:59.038+01:00  INFO 19500 --- [restartedMain] o.apache.catalina.core.StandardEngine    : Starting Servlet engine: [Apache Tomcat/10.1.5]
2023-03-22T08:46:59.095+01:00  INFO 19500 --- [restartedMain] o.a.c.c.C.[Tomcat].[localhost].[/]       : Initializing Spring embedded WebApplicationContext
2023-03-22T08:46:59.095+01:00  INFO 19500 --- [restartedMain] w.s.c.ServletWebServerApplicationContext : Root WebApplicationContext: initialization completed in 1139 ms
2023-03-22T08:46:59.198+01:00  INFO 19500 --- [restartedMain] o.hibernate.jpa.internal.util.LogHelper  : HHH000204: Processing PersistenceUnitInfo [name: default]
2023-03-22T08:46:59.249+01:00  INFO 19500 --- [restartedMain] org.hibernate.Version                    : HHH000412: Hibernate ORM core version 6.1.7.Final
2023-03-22T08:46:59.482+01:00  INFO 19500 --- [restartedMain] com.zaxxer.hikari.HikariDataSource       : HikariPool-1 - Starting...
2023-03-22T08:46:59.581+01:00  INFO 19500 --- [restartedMain] com.zaxxer.hikari.pool.HikariPool        : HikariPool-1 - Added connection org.mariadb.jdbc.Connection@34b9e6e
2023-03-22T08:46:59.586+01:00  INFO 19500 --- [restartedMain] com.zaxxer.hikari.HikariDataSource       : HikariPool-1 - Start completed.
2023-03-22T08:46:59.623+01:00  INFO 19500 --- [restartedMain] SQL dialect                              : HHH000400: Using dialect: org.hibernate.dialect.MariaDBDialect
2023-03-22T08:46:59.834+01:00  INFO 19500 --- [restartedMain] o.h.e.t.j.p.i.JtaPlatformInitiator       : HHH000490: Using JtaPlatform implementation: [org.hibernate.engine.transaction.jta.platform.internal.NoJtaPlatform]
2023-03-22T08:46:59.843+01:00  INFO 19500 --- [restartedMain] j.LocalContainerEntityManagerFactoryBean : Initialized JPA EntityManagerFactory for persistence unit 'default'
2023-03-22T08:46:59.873+01:00  WARN 19500 --- [restartedMain] JpaBaseConfiguration$JpaWebConfiguration : spring.jpa.open-in-view is enabled by default. Therefore, database queries may be performed during view rendering. Explicitly configure spring.jpa.open-in-view to disable this warning
2023-03-22T08:47:00.121+01:00  INFO 19500 --- [restartedMain] o.s.b.d.a.OptionalLiveReloadServer       : LiveReload server is running on port 35729
2023-03-22T08:47:00.148+01:00  INFO 19500 --- [restartedMain] o.s.b.w.embedded.tomcat.TomcatWebServer  : Tomcat started on port(s): 8082 (http) with context path ''
2023-03-22T08:47:00.154+01:00  INFO 19500 --- [restartedMain] c.e.c.ConverterKotlinApplicationKt       : Started ConverterKotlinApplicationKt in 2.555 seconds (process running for 3.617)
2023-03-22T08:47:29.259+01:00  INFO 19500 --- [SpringApplicationShutdownHook] j.LocalContainerEntityManagerFactoryBean : Closing JPA EntityManagerFactory for persistence unit 'default'
2023-03-22T08:47:29.261+01:00  INFO 19500 --- [SpringApplicationShutdownHook] com.zaxxer.hikari.HikariDataSource       : HikariPool-1 - Shutdown initiated...
2023-03-22T08:47:29.266+01:00  INFO 19500 --- [SpringApplicationShutdownHook] com.zaxxer.hikari.HikariDataSource       : HikariPool-1 - Shutdown completed.
2023-03-22T11:14:17.689+01:00  INFO 3428 --- [restartedMain] c.e.c.ConverterKotlinApplicationKt       : Starting ConverterKotlinApplicationKt using Java 19.0.2 with PID 3428 (C:\Users\mf.FREUND\IdeaProjects\ConverterKotlin\build\classes\kotlin\main started by mf in C:\Users\mf.FREUND\IdeaProjects\ConverterKotlin)
2023-03-22T11:14:17.692+01:00  INFO 3428 --- [restartedMain] c.e.c.ConverterKotlinApplicationKt       : No active profile set, falling back to 1 default profile: "default"
2023-03-22T11:14:17.728+01:00  INFO 3428 --- [restartedMain] .e.DevToolsPropertyDefaultsPostProcessor : Devtools property defaults active! Set 'spring.devtools.add-properties' to 'false' to disable
2023-03-22T11:14:17.728+01:00  INFO 3428 --- [restartedMain] .e.DevToolsPropertyDefaultsPostProcessor : For additional web related logging consider setting the 'logging.level.web' property to 'DEBUG'
2023-03-22T11:14:18.430+01:00  INFO 3428 --- [restartedMain] .s.d.r.c.RepositoryConfigurationDelegate : Bootstrapping Spring Data JPA repositories in DEFAULT mode.
2023-03-22T11:14:18.457+01:00  INFO 3428 --- [restartedMain] .s.d.r.c.RepositoryConfigurationDelegate : Finished Spring Data repository scanning in 17 ms. Found 0 JPA repository interfaces.
2023-03-22T11:14:18.644+01:00  INFO 3428 --- [restartedMain] trationDelegate$BeanPostProcessorChecker : Bean 'org.springframework.ws.config.annotation.DelegatingWsConfiguration' of type [org.springframework.ws.config.annotation.DelegatingWsConfiguration$$SpringCGLIB$$0] is not eligible for getting processed by all BeanPostProcessors (for example: not eligible for auto-proxying)
2023-03-22T11:14:18.691+01:00  INFO 3428 --- [restartedMain] .w.s.a.s.AnnotationActionEndpointMapping : Supporting [WS-Addressing August 2004, WS-Addressing 1.0]
2023-03-22T11:14:18.921+01:00  INFO 3428 --- [restartedMain] o.s.b.w.embedded.tomcat.TomcatWebServer  : Tomcat initialized with port(s): 8082 (http)
2023-03-22T11:14:18.938+01:00  INFO 3428 --- [restartedMain] o.apache.catalina.core.StandardService   : Starting service [Tomcat]
2023-03-22T11:14:18.939+01:00  INFO 3428 --- [restartedMain] o.apache.catalina.core.StandardEngine    : Starting Servlet engine: [Apache Tomcat/10.1.5]
2023-03-22T11:14:18.975+01:00  INFO 3428 --- [restartedMain] o.a.c.c.C.[Tomcat].[localhost].[/]       : Initializing Spring embedded WebApplicationContext
2023-03-22T11:14:18.976+01:00  INFO 3428 --- [restartedMain] w.s.c.ServletWebServerApplicationContext : Root WebApplicationContext: initialization completed in 1248 ms
2023-03-22T11:14:19.069+01:00  INFO 3428 --- [restartedMain] o.hibernate.jpa.internal.util.LogHelper  : HHH000204: Processing PersistenceUnitInfo [name: default]
2023-03-22T11:14:19.108+01:00  INFO 3428 --- [restartedMain] org.hibernate.Version                    : HHH000412: Hibernate ORM core version 6.1.7.Final
2023-03-22T11:14:19.379+01:00  INFO 3428 --- [restartedMain] com.zaxxer.hikari.HikariDataSource       : HikariPool-1 - Starting...
2023-03-22T11:14:19.459+01:00  INFO 3428 --- [restartedMain] com.zaxxer.hikari.pool.HikariPool        : HikariPool-1 - Added connection org.mariadb.jdbc.Connection@5ef50b55
2023-03-22T11:14:19.460+01:00  INFO 3428 --- [restartedMain] com.zaxxer.hikari.HikariDataSource       : HikariPool-1 - Start completed.
2023-03-22T11:14:19.485+01:00  INFO 3428 --- [restartedMain] SQL dialect                              : HHH000400: Using dialect: org.hibernate.dialect.MariaDBDialect
2023-03-22T11:14:19.696+01:00  INFO 3428 --- [restartedMain] o.h.e.t.j.p.i.JtaPlatformInitiator       : HHH000490: Using JtaPlatform implementation: [org.hibernate.engine.transaction.jta.platform.internal.NoJtaPlatform]
2023-03-22T11:14:19.704+01:00  INFO 3428 --- [restartedMain] j.LocalContainerEntityManagerFactoryBean : Initialized JPA EntityManagerFactory for persistence unit 'default'
2023-03-22T11:14:19.739+01:00  WARN 3428 --- [restartedMain] JpaBaseConfiguration$JpaWebConfiguration : spring.jpa.open-in-view is enabled by default. Therefore, database queries may be performed during view rendering. Explicitly configure spring.jpa.open-in-view to disable this warning
2023-03-22T11:14:19.828+01:00  INFO 3428 --- [restartedMain] o.s.b.a.w.s.WelcomePageHandlerMapping    : Adding welcome page template: index
2023-03-22T11:14:19.993+01:00  INFO 3428 --- [restartedMain] o.s.b.d.a.OptionalLiveReloadServer       : LiveReload server is running on port 35729
2023-03-22T11:14:20.018+01:00  INFO 3428 --- [restartedMain] o.s.b.w.embedded.tomcat.TomcatWebServer  : Tomcat started on port(s): 8082 (http) with context path ''
2023-03-22T11:14:20.024+01:00  INFO 3428 --- [restartedMain] c.e.c.ConverterKotlinApplicationKt       : Started ConverterKotlinApplicationKt in 2.666 seconds (process running for 3.201)
2023-03-22T11:14:26.883+01:00  INFO 3428 --- [http-nio-8082-exec-1] o.a.c.c.C.[Tomcat].[localhost].[/]       : Initializing Spring DispatcherServlet 'dispatcherServlet'
2023-03-22T11:14:26.884+01:00  INFO 3428 --- [http-nio-8082-exec-1] o.s.web.servlet.DispatcherServlet        : Initializing Servlet 'dispatcherServlet'
2023-03-22T11:14:26.888+01:00  INFO 3428 --- [http-nio-8082-exec-1] o.s.web.servlet.DispatcherServlet        : Completed initialization in 4 ms
2023-03-22T11:17:59.712+01:00  INFO 3428 --- [SpringApplicationShutdownHook] j.LocalContainerEntityManagerFactoryBean : Closing JPA EntityManagerFactory for persistence unit 'default'
2023-03-22T11:17:59.715+01:00  INFO 3428 --- [SpringApplicationShutdownHook] com.zaxxer.hikari.HikariDataSource       : HikariPool-1 - Shutdown initiated...
2023-03-22T11:17:59.724+01:00  INFO 3428 --- [SpringApplicationShutdownHook] com.zaxxer.hikari.HikariDataSource       : HikariPool-1 - Shutdown completed.
2023-03-22T11:18:05.020+01:00  INFO 18544 --- [restartedMain] c.e.c.ConverterKotlinApplicationKt       : Starting ConverterKotlinApplicationKt using Java 19.0.2 with PID 18544 (C:\Users\mf.FREUND\IdeaProjects\ConverterKotlin\build\classes\kotlin\main started by mf in C:\Users\mf.FREUND\IdeaProjects\ConverterKotlin)
2023-03-22T11:18:05.021+01:00  INFO 18544 --- [restartedMain] c.e.c.ConverterKotlinApplicationKt       : No active profile set, falling back to 1 default profile: "default"
2023-03-22T11:18:05.057+01:00  INFO 18544 --- [restartedMain] .e.DevToolsPropertyDefaultsPostProcessor : Devtools property defaults active! Set 'spring.devtools.add-properties' to 'false' to disable
2023-03-22T11:18:05.057+01:00  INFO 18544 --- [restartedMain] .e.DevToolsPropertyDefaultsPostProcessor : For additional web related logging consider setting the 'logging.level.web' property to 'DEBUG'
2023-03-22T11:18:05.580+01:00  INFO 18544 --- [restartedMain] .s.d.r.c.RepositoryConfigurationDelegate : Bootstrapping Spring Data JPA repositories in DEFAULT mode.
2023-03-22T11:18:05.595+01:00  INFO 18544 --- [restartedMain] .s.d.r.c.RepositoryConfigurationDelegate : Finished Spring Data repository scanning in 9 ms. Found 0 JPA repository interfaces.
2023-03-22T11:18:05.771+01:00  INFO 18544 --- [restartedMain] trationDelegate$BeanPostProcessorChecker : Bean 'org.springframework.ws.config.annotation.DelegatingWsConfiguration' of type [org.springframework.ws.config.annotation.DelegatingWsConfiguration$$SpringCGLIB$$0] is not eligible for getting processed by all BeanPostProcessors (for example: not eligible for auto-proxying)
2023-03-22T11:18:05.809+01:00  INFO 18544 --- [restartedMain] .w.s.a.s.AnnotationActionEndpointMapping : Supporting [WS-Addressing August 2004, WS-Addressing 1.0]
2023-03-22T11:18:06.063+01:00  INFO 18544 --- [restartedMain] o.s.b.w.embedded.tomcat.TomcatWebServer  : Tomcat initialized with port(s): 8082 (http)
2023-03-22T11:18:06.072+01:00  INFO 18544 --- [restartedMain] o.apache.catalina.core.StandardService   : Starting service [Tomcat]
2023-03-22T11:18:06.073+01:00  INFO 18544 --- [restartedMain] o.apache.catalina.core.StandardEngine    : Starting Servlet engine: [Apache Tomcat/10.1.5]
2023-03-22T11:18:06.119+01:00  INFO 18544 --- [restartedMain] o.a.c.c.C.[Tomcat].[localhost].[/]       : Initializing Spring embedded WebApplicationContext
2023-03-22T11:18:06.119+01:00  INFO 18544 --- [restartedMain] w.s.c.ServletWebServerApplicationContext : Root WebApplicationContext: initialization completed in 1061 ms
2023-03-22T11:18:06.214+01:00  INFO 18544 --- [restartedMain] o.hibernate.jpa.internal.util.LogHelper  : HHH000204: Processing PersistenceUnitInfo [name: default]
2023-03-22T11:18:06.264+01:00  INFO 18544 --- [restartedMain] org.hibernate.Version                    : HHH000412: Hibernate ORM core version 6.1.7.Final
2023-03-22T11:18:06.495+01:00  INFO 18544 --- [restartedMain] com.zaxxer.hikari.HikariDataSource       : HikariPool-1 - Starting...
2023-03-22T11:18:06.536+01:00  INFO 18544 --- [restartedMain] com.zaxxer.hikari.pool.HikariPool        : HikariPool-1 - Added connection org.mariadb.jdbc.Connection@86de836
2023-03-22T11:18:06.536+01:00  INFO 18544 --- [restartedMain] com.zaxxer.hikari.HikariDataSource       : HikariPool-1 - Start completed.
2023-03-22T11:18:06.566+01:00  INFO 18544 --- [restartedMain] SQL dialect                              : HHH000400: Using dialect: org.hibernate.dialect.MariaDBDialect
2023-03-22T11:18:06.802+01:00  INFO 18544 --- [restartedMain] o.h.e.t.j.p.i.JtaPlatformInitiator       : HHH000490: Using JtaPlatform implementation: [org.hibernate.engine.transaction.jta.platform.internal.NoJtaPlatform]
2023-03-22T11:18:06.810+01:00  INFO 18544 --- [restartedMain] j.LocalContainerEntityManagerFactoryBean : Initialized JPA EntityManagerFactory for persistence unit 'default'
2023-03-22T11:18:06.839+01:00  WARN 18544 --- [restartedMain] JpaBaseConfiguration$JpaWebConfiguration : spring.jpa.open-in-view is enabled by default. Therefore, database queries may be performed during view rendering. Explicitly configure spring.jpa.open-in-view to disable this warning
2023-03-22T11:18:06.925+01:00  INFO 18544 --- [restartedMain] o.s.b.a.w.s.WelcomePageHandlerMapping    : Adding welcome page template: index
2023-03-22T11:18:07.083+01:00  INFO 18544 --- [restartedMain] o.s.b.d.a.OptionalLiveReloadServer       : LiveReload server is running on port 35729
2023-03-22T11:18:07.109+01:00  INFO 18544 --- [restartedMain] o.s.b.w.embedded.tomcat.TomcatWebServer  : Tomcat started on port(s): 8082 (http) with context path ''
2023-03-22T11:18:07.115+01:00  INFO 18544 --- [restartedMain] c.e.c.ConverterKotlinApplicationKt       : Started ConverterKotlinApplicationKt in 2.377 seconds (process running for 3.106)
2023-03-22T11:18:10.696+01:00  INFO 18544 --- [http-nio-8082-exec-1] o.a.c.c.C.[Tomcat].[localhost].[/]       : Initializing Spring DispatcherServlet 'dispatcherServlet'
2023-03-22T11:18:10.697+01:00  INFO 18544 --- [http-nio-8082-exec-1] o.s.web.servlet.DispatcherServlet        : Initializing Servlet 'dispatcherServlet'
2023-03-22T11:18:10.698+01:00  INFO 18544 --- [http-nio-8082-exec-1] o.s.web.servlet.DispatcherServlet        : Completed initialization in 1 ms
2023-03-22T11:30:01.290+01:00  INFO 18544 --- [SpringApplicationShutdownHook] j.LocalContainerEntityManagerFactoryBean : Closing JPA EntityManagerFactory for persistence unit 'default'
2023-03-22T11:30:01.373+01:00  INFO 18544 --- [SpringApplicationShutdownHook] com.zaxxer.hikari.HikariDataSource       : HikariPool-1 - Shutdown initiated...
2023-03-22T11:30:01.443+01:00  INFO 18544 --- [SpringApplicationShutdownHook] com.zaxxer.hikari.HikariDataSource       : HikariPool-1 - Shutdown completed.
2023-03-22T12:07:40.890+01:00  INFO 23004 --- [restartedMain] c.e.c.ConverterKotlinApplicationKt       : Starting ConverterKotlinApplicationKt using Java 19.0.2 with PID 23004 (C:\Users\mf.FREUND\IdeaProjects\ConverterKotlin\build\classes\kotlin\main started by mf in C:\Users\mf.FREUND\IdeaProjects\ConverterKotlin)
2023-03-22T12:07:40.892+01:00  INFO 23004 --- [restartedMain] c.e.c.ConverterKotlinApplicationKt       : No active profile set, falling back to 1 default profile: "default"
2023-03-22T12:07:40.934+01:00  INFO 23004 --- [restartedMain] .e.DevToolsPropertyDefaultsPostProcessor : Devtools property defaults active! Set 'spring.devtools.add-properties' to 'false' to disable
2023-03-22T12:07:40.934+01:00  INFO 23004 --- [restartedMain] .e.DevToolsPropertyDefaultsPostProcessor : For additional web related logging consider setting the 'logging.level.web' property to 'DEBUG'
2023-03-22T12:07:41.501+01:00  INFO 23004 --- [restartedMain] .s.d.r.c.RepositoryConfigurationDelegate : Bootstrapping Spring Data JPA repositories in DEFAULT mode.
2023-03-22T12:07:41.542+01:00  INFO 23004 --- [restartedMain] .s.d.r.c.RepositoryConfigurationDelegate : Finished Spring Data repository scanning in 35 ms. Found 3 JPA repository interfaces.
2023-03-22T12:07:41.734+01:00  INFO 23004 --- [restartedMain] trationDelegate$BeanPostProcessorChecker : Bean 'org.springframework.ws.config.annotation.DelegatingWsConfiguration' of type [org.springframework.ws.config.annotation.DelegatingWsConfiguration$$SpringCGLIB$$0] is not eligible for getting processed by all BeanPostProcessors (for example: not eligible for auto-proxying)
2023-03-22T12:07:41.769+01:00  INFO 23004 --- [restartedMain] .w.s.a.s.AnnotationActionEndpointMapping : Supporting [WS-Addressing August 2004, WS-Addressing 1.0]
2023-03-22T12:07:41.994+01:00  INFO 23004 --- [restartedMain] o.s.b.w.embedded.tomcat.TomcatWebServer  : Tomcat initialized with port(s): 8082 (http)
2023-03-22T12:07:42.005+01:00  INFO 23004 --- [restartedMain] o.apache.catalina.core.StandardService   : Starting service [Tomcat]
2023-03-22T12:07:42.006+01:00  INFO 23004 --- [restartedMain] o.apache.catalina.core.StandardEngine    : Starting Servlet engine: [Apache Tomcat/10.1.5]
2023-03-22T12:07:42.047+01:00  INFO 23004 --- [restartedMain] o.a.c.c.C.[Tomcat].[localhost].[/]       : Initializing Spring embedded WebApplicationContext
2023-03-22T12:07:42.048+01:00  INFO 23004 --- [restartedMain] w.s.c.ServletWebServerApplicationContext : Root WebApplicationContext: initialization completed in 1113 ms
2023-03-22T12:07:42.142+01:00  INFO 23004 --- [restartedMain] o.hibernate.jpa.internal.util.LogHelper  : HHH000204: Processing PersistenceUnitInfo [name: default]
2023-03-22T12:07:42.183+01:00  INFO 23004 --- [restartedMain] org.hibernate.Version                    : HHH000412: Hibernate ORM core version 6.1.7.Final
2023-03-22T12:07:42.423+01:00  INFO 23004 --- [restartedMain] com.zaxxer.hikari.HikariDataSource       : HikariPool-1 - Starting...
2023-03-22T12:07:42.529+01:00  INFO 23004 --- [restartedMain] com.zaxxer.hikari.pool.HikariPool        : HikariPool-1 - Added connection org.mariadb.jdbc.Connection@6f3683d7
2023-03-22T12:07:42.531+01:00  INFO 23004 --- [restartedMain] com.zaxxer.hikari.HikariDataSource       : HikariPool-1 - Start completed.
2023-03-22T12:07:42.559+01:00  INFO 23004 --- [restartedMain] SQL dialect                              : HHH000400: Using dialect: org.hibernate.dialect.MariaDBDialect
2023-03-22T12:07:43.054+01:00  INFO 23004 --- [restartedMain] o.h.e.t.j.p.i.JtaPlatformInitiator       : HHH000490: Using JtaPlatform implementation: [org.hibernate.engine.transaction.jta.platform.internal.NoJtaPlatform]
2023-03-22T12:07:43.061+01:00  INFO 23004 --- [restartedMain] j.LocalContainerEntityManagerFactoryBean : Initialized JPA EntityManagerFactory for persistence unit 'default'
2023-03-22T12:07:43.091+01:00  WARN 23004 --- [restartedMain] JpaBaseConfiguration$JpaWebConfiguration : spring.jpa.open-in-view is enabled by default. Therefore, database queries may be performed during view rendering. Explicitly configure spring.jpa.open-in-view to disable this warning
2023-03-22T12:07:43.189+01:00  INFO 23004 --- [restartedMain] o.s.b.a.w.s.WelcomePageHandlerMapping    : Adding welcome page template: index
2023-03-22T12:07:43.688+01:00  WARN 23004 --- [restartedMain] ConfigServletWebServerApplicationContext : Exception encountered during context initialization - cancelling refresh attempt: org.springframework.beans.factory.BeanCreationException: Error creating bean with name 'fileRepository' defined in com.example.converterkotlin.persistence.FileRepository defined in @EnableJpaRepositories declared on JpaRepositoriesRegistrar.EnableJpaRepositoriesConfiguration: Could not create query for public abstract void com.example.converterkotlin.persistence.FileRepository.updateFile(java.lang.String,int); Reason: Using named parameters for method public abstract void com.example.converterkotlin.persistence.FileRepository.updateFile(java.lang.String,int) but parameter 'Optional[timestamp]' not found in annotated query 'update files f set f.name = :name where f.id = :id'
2023-03-22T12:07:43.690+01:00  INFO 23004 --- [restartedMain] j.LocalContainerEntityManagerFactoryBean : Closing JPA EntityManagerFactory for persistence unit 'default'
2023-03-22T12:07:43.691+01:00  INFO 23004 --- [restartedMain] com.zaxxer.hikari.HikariDataSource       : HikariPool-1 - Shutdown initiated...
2023-03-22T12:07:43.695+01:00  INFO 23004 --- [restartedMain] com.zaxxer.hikari.HikariDataSource       : HikariPool-1 - Shutdown completed.
2023-03-22T12:07:43.696+01:00  INFO 23004 --- [restartedMain] o.apache.catalina.core.StandardService   : Stopping service [Tomcat]
2023-03-22T12:07:43.704+01:00  INFO 23004 --- [restartedMain] .s.b.a.l.ConditionEvaluationReportLogger : 

Error starting ApplicationContext. To display the condition evaluation report re-run your application with 'debug' enabled.
2023-03-22T12:07:43.716+01:00 ERROR 23004 --- [restartedMain] o.s.boot.SpringApplication               : Application run failed

org.springframework.beans.factory.BeanCreationException: Error creating bean with name 'fileRepository' defined in com.example.converterkotlin.persistence.FileRepository defined in @EnableJpaRepositories declared on JpaRepositoriesRegistrar.EnableJpaRepositoriesConfiguration: Could not create query for public abstract void com.example.converterkotlin.persistence.FileRepository.updateFile(java.lang.String,int); Reason: Using named parameters for method public abstract void com.example.converterkotlin.persistence.FileRepository.updateFile(java.lang.String,int) but parameter 'Optional[timestamp]' not found in annotated query 'update files f set f.name = :name where f.id = :id'
	at org.springframework.beans.factory.support.AbstractAutowireCapableBeanFactory.initializeBean(AbstractAutowireCapableBeanFactory.java:1762) ~[spring-beans-6.0.6.jar:6.0.6]
	at org.springframework.beans.factory.support.AbstractAutowireCapableBeanFactory.doCreateBean(AbstractAutowireCapableBeanFactory.java:599) ~[spring-beans-6.0.6.jar:6.0.6]
	at org.springframework.beans.factory.support.AbstractAutowireCapableBeanFactory.createBean(AbstractAutowireCapableBeanFactory.java:521) ~[spring-beans-6.0.6.jar:6.0.6]
	at org.springframework.beans.factory.support.AbstractBeanFactory.lambda$doGetBean$0(AbstractBeanFactory.java:326) ~[spring-beans-6.0.6.jar:6.0.6]
	at org.springframework.beans.factory.support.DefaultSingletonBeanRegistry.getSingleton(DefaultSingletonBeanRegistry.java:234) ~[spring-beans-6.0.6.jar:6.0.6]
	at org.springframework.beans.factory.support.AbstractBeanFactory.doGetBean(AbstractBeanFactory.java:324) ~[spring-beans-6.0.6.jar:6.0.6]
	at org.springframework.beans.factory.support.AbstractBeanFactory.getBean(AbstractBeanFactory.java:200) ~[spring-beans-6.0.6.jar:6.0.6]
	at org.springframework.beans.factory.support.DefaultListableBeanFactory.preInstantiateSingletons(DefaultListableBeanFactory.java:955) ~[spring-beans-6.0.6.jar:6.0.6]
	at org.springframework.context.support.AbstractApplicationContext.finishBeanFactoryInitialization(AbstractApplicationContext.java:917) ~[spring-context-6.0.6.jar:6.0.6]
	at org.springframework.context.support.AbstractApplicationContext.refresh(AbstractApplicationContext.java:584) ~[spring-context-6.0.6.jar:6.0.6]
	at org.springframework.boot.web.servlet.context.ServletWebServerApplicationContext.refresh(ServletWebServerApplicationContext.java:146) ~[spring-boot-3.0.4.jar:3.0.4]
	at org.springframework.boot.SpringApplication.refresh(SpringApplication.java:732) ~[spring-boot-3.0.4.jar:3.0.4]
	at org.springframework.boot.SpringApplication.refreshContext(SpringApplication.java:434) ~[spring-boot-3.0.4.jar:3.0.4]
	at org.springframework.boot.SpringApplication.run(SpringApplication.java:310) ~[spring-boot-3.0.4.jar:3.0.4]
	at org.springframework.boot.SpringApplication.run(SpringApplication.java:1304) ~[spring-boot-3.0.4.jar:3.0.4]
	at org.springframework.boot.SpringApplication.run(SpringApplication.java:1293) ~[spring-boot-3.0.4.jar:3.0.4]
	at com.example.converterkotlin.ConverterKotlinApplicationKt.main(ConverterKotlinApplication.kt:14) ~[main/:na]
	at java.base/jdk.internal.reflect.DirectMethodHandleAccessor.invoke(DirectMethodHandleAccessor.java:104) ~[na:na]
	at java.base/java.lang.reflect.Method.invoke(Method.java:578) ~[na:na]
	at org.springframework.boot.devtools.restart.RestartLauncher.run(RestartLauncher.java:49) ~[spring-boot-devtools-3.0.4.jar:3.0.4]
Caused by: org.springframework.data.repository.query.QueryCreationException: Could not create query for public abstract void com.example.converterkotlin.persistence.FileRepository.updateFile(java.lang.String,int); Reason: Using named parameters for method public abstract void com.example.converterkotlin.persistence.FileRepository.updateFile(java.lang.String,int) but parameter 'Optional[timestamp]' not found in annotated query 'update files f set f.name = :name where f.id = :id'
	at org.springframework.data.repository.query.QueryCreationException.create(QueryCreationException.java:101) ~[spring-data-commons-3.0.3.jar:3.0.3]
	at org.springframework.data.repository.core.support.QueryExecutorMethodInterceptor.lookupQuery(QueryExecutorMethodInterceptor.java:115) ~[spring-data-commons-3.0.3.jar:3.0.3]
	at org.springframework.data.repository.core.support.QueryExecutorMethodInterceptor.mapMethodsToQuery(QueryExecutorMethodInterceptor.java:99) ~[spring-data-commons-3.0.3.jar:3.0.3]
	at org.springframework.data.repository.core.support.QueryExecutorMethodInterceptor.lambda$new$0(QueryExecutorMethodInterceptor.java:88) ~[spring-data-commons-3.0.3.jar:3.0.3]
	at java.base/java.util.Optional.map(Optional.java:260) ~[na:na]
	at org.springframework.data.repository.core.support.QueryExecutorMethodInterceptor.<init>(QueryExecutorMethodInterceptor.java:88) ~[spring-data-commons-3.0.3.jar:3.0.3]
	at org.springframework.data.repository.core.support.RepositoryFactorySupport.getRepository(RepositoryFactorySupport.java:357) ~[spring-data-commons-3.0.3.jar:3.0.3]
	at org.springframework.data.repository.core.support.RepositoryFactoryBeanSupport.lambda$afterPropertiesSet$5(RepositoryFactoryBeanSupport.java:279) ~[spring-data-commons-3.0.3.jar:3.0.3]
	at org.springframework.data.util.Lazy.getNullable(Lazy.java:245) ~[spring-data-commons-3.0.3.jar:3.0.3]
	at org.springframework.data.util.Lazy.get(Lazy.java:114) ~[spring-data-commons-3.0.3.jar:3.0.3]
	at org.springframework.data.repository.core.support.RepositoryFactoryBeanSupport.afterPropertiesSet(RepositoryFactoryBeanSupport.java:285) ~[spring-data-commons-3.0.3.jar:3.0.3]
	at org.springframework.data.jpa.repository.support.JpaRepositoryFactoryBean.afterPropertiesSet(JpaRepositoryFactoryBean.java:132) ~[spring-data-jpa-3.0.3.jar:3.0.3]
	at org.springframework.beans.factory.support.AbstractAutowireCapableBeanFactory.invokeInitMethods(AbstractAutowireCapableBeanFactory.java:1808) ~[spring-beans-6.0.6.jar:6.0.6]
	at org.springframework.beans.factory.support.AbstractAutowireCapableBeanFactory.initializeBean(AbstractAutowireCapableBeanFactory.java:1758) ~[spring-beans-6.0.6.jar:6.0.6]
	... 19 common frames omitted
Caused by: java.lang.IllegalStateException: Using named parameters for method public abstract void com.example.converterkotlin.persistence.FileRepository.updateFile(java.lang.String,int) but parameter 'Optional[timestamp]' not found in annotated query 'update files f set f.name = :name where f.id = :id'
	at org.springframework.data.jpa.repository.query.JpaQueryMethod.assertParameterNamesInAnnotatedQuery(JpaQueryMethod.java:179) ~[spring-data-jpa-3.0.3.jar:3.0.3]
	at org.springframework.data.jpa.repository.query.JpaQueryMethod.<init>(JpaQueryMethod.java:146) ~[spring-data-jpa-3.0.3.jar:3.0.3]
	at org.springframework.data.jpa.repository.query.DefaultJpaQueryMethodFactory.build(DefaultJpaQueryMethodFactory.java:44) ~[spring-data-jpa-3.0.3.jar:3.0.3]
	at org.springframework.data.jpa.repository.query.JpaQueryLookupStrategy$AbstractQueryLookupStrategy.resolveQuery(JpaQueryLookupStrategy.java:94) ~[spring-data-jpa-3.0.3.jar:3.0.3]
	at org.springframework.data.repository.core.support.QueryExecutorMethodInterceptor.lookupQuery(QueryExecutorMethodInterceptor.java:111) ~[spring-data-commons-3.0.3.jar:3.0.3]
	... 31 common frames omitted

2023-03-22T12:09:52.750+01:00  INFO 23268 --- [restartedMain] c.e.c.ConverterKotlinApplicationKt       : Starting ConverterKotlinApplicationKt using Java 19.0.2 with PID 23268 (C:\Users\mf.FREUND\IdeaProjects\ConverterKotlin\build\classes\kotlin\main started by mf in C:\Users\mf.FREUND\IdeaProjects\ConverterKotlin)
2023-03-22T12:09:52.752+01:00  INFO 23268 --- [restartedMain] c.e.c.ConverterKotlinApplicationKt       : No active profile set, falling back to 1 default profile: "default"
2023-03-22T12:09:52.789+01:00  INFO 23268 --- [restartedMain] .e.DevToolsPropertyDefaultsPostProcessor : Devtools property defaults active! Set 'spring.devtools.add-properties' to 'false' to disable
2023-03-22T12:09:52.790+01:00  INFO 23268 --- [restartedMain] .e.DevToolsPropertyDefaultsPostProcessor : For additional web related logging consider setting the 'logging.level.web' property to 'DEBUG'
2023-03-22T12:09:53.258+01:00  INFO 23268 --- [restartedMain] .s.d.r.c.RepositoryConfigurationDelegate : Bootstrapping Spring Data JPA repositories in DEFAULT mode.
2023-03-22T12:09:53.297+01:00  INFO 23268 --- [restartedMain] .s.d.r.c.RepositoryConfigurationDelegate : Finished Spring Data repository scanning in 34 ms. Found 3 JPA repository interfaces.
2023-03-22T12:09:53.600+01:00  INFO 23268 --- [restartedMain] trationDelegate$BeanPostProcessorChecker : Bean 'org.springframework.ws.config.annotation.DelegatingWsConfiguration' of type [org.springframework.ws.config.annotation.DelegatingWsConfiguration$$SpringCGLIB$$0] is not eligible for getting processed by all BeanPostProcessors (for example: not eligible for auto-proxying)
2023-03-22T12:09:53.657+01:00  INFO 23268 --- [restartedMain] .w.s.a.s.AnnotationActionEndpointMapping : Supporting [WS-Addressing August 2004, WS-Addressing 1.0]
2023-03-22T12:09:54.031+01:00  INFO 23268 --- [restartedMain] o.s.b.w.embedded.tomcat.TomcatWebServer  : Tomcat initialized with port(s): 8082 (http)
2023-03-22T12:09:54.042+01:00  INFO 23268 --- [restartedMain] o.apache.catalina.core.StandardService   : Starting service [Tomcat]
2023-03-22T12:09:54.043+01:00  INFO 23268 --- [restartedMain] o.apache.catalina.core.StandardEngine    : Starting Servlet engine: [Apache Tomcat/10.1.5]
2023-03-22T12:09:54.095+01:00  INFO 23268 --- [restartedMain] o.a.c.c.C.[Tomcat].[localhost].[/]       : Initializing Spring embedded WebApplicationContext
2023-03-22T12:09:54.095+01:00  INFO 23268 --- [restartedMain] w.s.c.ServletWebServerApplicationContext : Root WebApplicationContext: initialization completed in 1305 ms
2023-03-22T12:09:54.191+01:00  INFO 23268 --- [restartedMain] o.hibernate.jpa.internal.util.LogHelper  : HHH000204: Processing PersistenceUnitInfo [name: default]
2023-03-22T12:09:54.230+01:00  INFO 23268 --- [restartedMain] org.hibernate.Version                    : HHH000412: Hibernate ORM core version 6.1.7.Final
2023-03-22T12:09:54.489+01:00  INFO 23268 --- [restartedMain] com.zaxxer.hikari.HikariDataSource       : HikariPool-1 - Starting...
2023-03-22T12:09:54.545+01:00  INFO 23268 --- [restartedMain] com.zaxxer.hikari.pool.HikariPool        : HikariPool-1 - Added connection org.mariadb.jdbc.Connection@4d30977f
2023-03-22T12:09:54.548+01:00  INFO 23268 --- [restartedMain] com.zaxxer.hikari.HikariDataSource       : HikariPool-1 - Start completed.
2023-03-22T12:09:54.574+01:00  INFO 23268 --- [restartedMain] SQL dialect                              : HHH000400: Using dialect: org.hibernate.dialect.MariaDBDialect
2023-03-22T12:09:54.961+01:00  INFO 23268 --- [restartedMain] o.h.e.t.j.p.i.JtaPlatformInitiator       : HHH000490: Using JtaPlatform implementation: [org.hibernate.engine.transaction.jta.platform.internal.NoJtaPlatform]
2023-03-22T12:09:54.969+01:00  INFO 23268 --- [restartedMain] j.LocalContainerEntityManagerFactoryBean : Initialized JPA EntityManagerFactory for persistence unit 'default'
2023-03-22T12:09:55.000+01:00  WARN 23268 --- [restartedMain] JpaBaseConfiguration$JpaWebConfiguration : spring.jpa.open-in-view is enabled by default. Therefore, database queries may be performed during view rendering. Explicitly configure spring.jpa.open-in-view to disable this warning
2023-03-22T12:09:55.100+01:00  INFO 23268 --- [restartedMain] o.s.b.a.w.s.WelcomePageHandlerMapping    : Adding welcome page template: index
2023-03-22T12:09:55.699+01:00  WARN 23268 --- [restartedMain] ConfigServletWebServerApplicationContext : Exception encountered during context initialization - cancelling refresh attempt: org.springframework.beans.factory.BeanCreationException: Error creating bean with name 'fileRepository' defined in com.example.converterkotlin.persistence.FileRepository defined in @EnableJpaRepositories declared on JpaRepositoriesRegistrar.EnableJpaRepositoriesConfiguration: Could not create query for public abstract void com.example.converterkotlin.persistence.FileRepository.updateFile(java.lang.String,int); Reason: Using named parameters for method public abstract void com.example.converterkotlin.persistence.FileRepository.updateFile(java.lang.String,int) but parameter 'Optional[timestamp]' not found in annotated query 'update files f set f.name = :name where f.id = :id'
2023-03-22T12:09:55.700+01:00  INFO 23268 --- [restartedMain] j.LocalContainerEntityManagerFactoryBean : Closing JPA EntityManagerFactory for persistence unit 'default'
2023-03-22T12:09:55.701+01:00  INFO 23268 --- [restartedMain] com.zaxxer.hikari.HikariDataSource       : HikariPool-1 - Shutdown initiated...
2023-03-22T12:09:55.704+01:00  INFO 23268 --- [restartedMain] com.zaxxer.hikari.HikariDataSource       : HikariPool-1 - Shutdown completed.
2023-03-22T12:09:55.706+01:00  INFO 23268 --- [restartedMain] o.apache.catalina.core.StandardService   : Stopping service [Tomcat]
2023-03-22T12:09:55.714+01:00  INFO 23268 --- [restartedMain] .s.b.a.l.ConditionEvaluationReportLogger : 

Error starting ApplicationContext. To display the condition evaluation report re-run your application with 'debug' enabled.
2023-03-22T12:09:55.726+01:00 ERROR 23268 --- [restartedMain] o.s.boot.SpringApplication               : Application run failed

org.springframework.beans.factory.BeanCreationException: Error creating bean with name 'fileRepository' defined in com.example.converterkotlin.persistence.FileRepository defined in @EnableJpaRepositories declared on JpaRepositoriesRegistrar.EnableJpaRepositoriesConfiguration: Could not create query for public abstract void com.example.converterkotlin.persistence.FileRepository.updateFile(java.lang.String,int); Reason: Using named parameters for method public abstract void com.example.converterkotlin.persistence.FileRepository.updateFile(java.lang.String,int) but parameter 'Optional[timestamp]' not found in annotated query 'update files f set f.name = :name where f.id = :id'
	at org.springframework.beans.factory.support.AbstractAutowireCapableBeanFactory.initializeBean(AbstractAutowireCapableBeanFactory.java:1762) ~[spring-beans-6.0.6.jar:6.0.6]
	at org.springframework.beans.factory.support.AbstractAutowireCapableBeanFactory.doCreateBean(AbstractAutowireCapableBeanFactory.java:599) ~[spring-beans-6.0.6.jar:6.0.6]
	at org.springframework.beans.factory.support.AbstractAutowireCapableBeanFactory.createBean(AbstractAutowireCapableBeanFactory.java:521) ~[spring-beans-6.0.6.jar:6.0.6]
	at org.springframework.beans.factory.support.AbstractBeanFactory.lambda$doGetBean$0(AbstractBeanFactory.java:326) ~[spring-beans-6.0.6.jar:6.0.6]
	at org.springframework.beans.factory.support.DefaultSingletonBeanRegistry.getSingleton(DefaultSingletonBeanRegistry.java:234) ~[spring-beans-6.0.6.jar:6.0.6]
	at org.springframework.beans.factory.support.AbstractBeanFactory.doGetBean(AbstractBeanFactory.java:324) ~[spring-beans-6.0.6.jar:6.0.6]
	at org.springframework.beans.factory.support.AbstractBeanFactory.getBean(AbstractBeanFactory.java:200) ~[spring-beans-6.0.6.jar:6.0.6]
	at org.springframework.beans.factory.support.DefaultListableBeanFactory.preInstantiateSingletons(DefaultListableBeanFactory.java:955) ~[spring-beans-6.0.6.jar:6.0.6]
	at org.springframework.context.support.AbstractApplicationContext.finishBeanFactoryInitialization(AbstractApplicationContext.java:917) ~[spring-context-6.0.6.jar:6.0.6]
	at org.springframework.context.support.AbstractApplicationContext.refresh(AbstractApplicationContext.java:584) ~[spring-context-6.0.6.jar:6.0.6]
	at org.springframework.boot.web.servlet.context.ServletWebServerApplicationContext.refresh(ServletWebServerApplicationContext.java:146) ~[spring-boot-3.0.4.jar:3.0.4]
	at org.springframework.boot.SpringApplication.refresh(SpringApplication.java:732) ~[spring-boot-3.0.4.jar:3.0.4]
	at org.springframework.boot.SpringApplication.refreshContext(SpringApplication.java:434) ~[spring-boot-3.0.4.jar:3.0.4]
	at org.springframework.boot.SpringApplication.run(SpringApplication.java:310) ~[spring-boot-3.0.4.jar:3.0.4]
	at org.springframework.boot.SpringApplication.run(SpringApplication.java:1304) ~[spring-boot-3.0.4.jar:3.0.4]
	at org.springframework.boot.SpringApplication.run(SpringApplication.java:1293) ~[spring-boot-3.0.4.jar:3.0.4]
	at com.example.converterkotlin.ConverterKotlinApplicationKt.main(ConverterKotlinApplication.kt:14) ~[main/:na]
	at java.base/jdk.internal.reflect.DirectMethodHandleAccessor.invoke(DirectMethodHandleAccessor.java:104) ~[na:na]
	at java.base/java.lang.reflect.Method.invoke(Method.java:578) ~[na:na]
	at org.springframework.boot.devtools.restart.RestartLauncher.run(RestartLauncher.java:49) ~[spring-boot-devtools-3.0.4.jar:3.0.4]
Caused by: org.springframework.data.repository.query.QueryCreationException: Could not create query for public abstract void com.example.converterkotlin.persistence.FileRepository.updateFile(java.lang.String,int); Reason: Using named parameters for method public abstract void com.example.converterkotlin.persistence.FileRepository.updateFile(java.lang.String,int) but parameter 'Optional[timestamp]' not found in annotated query 'update files f set f.name = :name where f.id = :id'
	at org.springframework.data.repository.query.QueryCreationException.create(QueryCreationException.java:101) ~[spring-data-commons-3.0.3.jar:3.0.3]
	at org.springframework.data.repository.core.support.QueryExecutorMethodInterceptor.lookupQuery(QueryExecutorMethodInterceptor.java:115) ~[spring-data-commons-3.0.3.jar:3.0.3]
	at org.springframework.data.repository.core.support.QueryExecutorMethodInterceptor.mapMethodsToQuery(QueryExecutorMethodInterceptor.java:99) ~[spring-data-commons-3.0.3.jar:3.0.3]
	at org.springframework.data.repository.core.support.QueryExecutorMethodInterceptor.lambda$new$0(QueryExecutorMethodInterceptor.java:88) ~[spring-data-commons-3.0.3.jar:3.0.3]
	at java.base/java.util.Optional.map(Optional.java:260) ~[na:na]
	at org.springframework.data.repository.core.support.QueryExecutorMethodInterceptor.<init>(QueryExecutorMethodInterceptor.java:88) ~[spring-data-commons-3.0.3.jar:3.0.3]
	at org.springframework.data.repository.core.support.RepositoryFactorySupport.getRepository(RepositoryFactorySupport.java:357) ~[spring-data-commons-3.0.3.jar:3.0.3]
	at org.springframework.data.repository.core.support.RepositoryFactoryBeanSupport.lambda$afterPropertiesSet$5(RepositoryFactoryBeanSupport.java:279) ~[spring-data-commons-3.0.3.jar:3.0.3]
	at org.springframework.data.util.Lazy.getNullable(Lazy.java:245) ~[spring-data-commons-3.0.3.jar:3.0.3]
	at org.springframework.data.util.Lazy.get(Lazy.java:114) ~[spring-data-commons-3.0.3.jar:3.0.3]
	at org.springframework.data.repository.core.support.RepositoryFactoryBeanSupport.afterPropertiesSet(RepositoryFactoryBeanSupport.java:285) ~[spring-data-commons-3.0.3.jar:3.0.3]
	at org.springframework.data.jpa.repository.support.JpaRepositoryFactoryBean.afterPropertiesSet(JpaRepositoryFactoryBean.java:132) ~[spring-data-jpa-3.0.3.jar:3.0.3]
	at org.springframework.beans.factory.support.AbstractAutowireCapableBeanFactory.invokeInitMethods(AbstractAutowireCapableBeanFactory.java:1808) ~[spring-beans-6.0.6.jar:6.0.6]
	at org.springframework.beans.factory.support.AbstractAutowireCapableBeanFactory.initializeBean(AbstractAutowireCapableBeanFactory.java:1758) ~[spring-beans-6.0.6.jar:6.0.6]
	... 19 common frames omitted
Caused by: java.lang.IllegalStateException: Using named parameters for method public abstract void com.example.converterkotlin.persistence.FileRepository.updateFile(java.lang.String,int) but parameter 'Optional[timestamp]' not found in annotated query 'update files f set f.name = :name where f.id = :id'
	at org.springframework.data.jpa.repository.query.JpaQueryMethod.assertParameterNamesInAnnotatedQuery(JpaQueryMethod.java:179) ~[spring-data-jpa-3.0.3.jar:3.0.3]
	at org.springframework.data.jpa.repository.query.JpaQueryMethod.<init>(JpaQueryMethod.java:146) ~[spring-data-jpa-3.0.3.jar:3.0.3]
	at org.springframework.data.jpa.repository.query.DefaultJpaQueryMethodFactory.build(DefaultJpaQueryMethodFactory.java:44) ~[spring-data-jpa-3.0.3.jar:3.0.3]
	at org.springframework.data.jpa.repository.query.JpaQueryLookupStrategy$AbstractQueryLookupStrategy.resolveQuery(JpaQueryLookupStrategy.java:94) ~[spring-data-jpa-3.0.3.jar:3.0.3]
	at org.springframework.data.repository.core.support.QueryExecutorMethodInterceptor.lookupQuery(QueryExecutorMethodInterceptor.java:111) ~[spring-data-commons-3.0.3.jar:3.0.3]
	... 31 common frames omitted

2023-03-22T12:11:15.287+01:00  INFO 6160 --- [restartedMain] c.e.c.ConverterKotlinApplicationKt       : Starting ConverterKotlinApplicationKt using Java 19.0.2 with PID 6160 (C:\Users\mf.FREUND\IdeaProjects\ConverterKotlin\build\classes\kotlin\main started by mf in C:\Users\mf.FREUND\IdeaProjects\ConverterKotlin)
2023-03-22T12:11:15.289+01:00  INFO 6160 --- [restartedMain] c.e.c.ConverterKotlinApplicationKt       : No active profile set, falling back to 1 default profile: "default"
2023-03-22T12:11:15.322+01:00  INFO 6160 --- [restartedMain] .e.DevToolsPropertyDefaultsPostProcessor : Devtools property defaults active! Set 'spring.devtools.add-properties' to 'false' to disable
2023-03-22T12:11:15.322+01:00  INFO 6160 --- [restartedMain] .e.DevToolsPropertyDefaultsPostProcessor : For additional web related logging consider setting the 'logging.level.web' property to 'DEBUG'
2023-03-22T12:11:15.849+01:00  INFO 6160 --- [restartedMain] .s.d.r.c.RepositoryConfigurationDelegate : Bootstrapping Spring Data JPA repositories in DEFAULT mode.
2023-03-22T12:11:15.888+01:00  INFO 6160 --- [restartedMain] .s.d.r.c.RepositoryConfigurationDelegate : Finished Spring Data repository scanning in 35 ms. Found 3 JPA repository interfaces.
2023-03-22T12:11:16.100+01:00  INFO 6160 --- [restartedMain] trationDelegate$BeanPostProcessorChecker : Bean 'org.springframework.ws.config.annotation.DelegatingWsConfiguration' of type [org.springframework.ws.config.annotation.DelegatingWsConfiguration$$SpringCGLIB$$0] is not eligible for getting processed by all BeanPostProcessors (for example: not eligible for auto-proxying)
2023-03-22T12:11:16.145+01:00  INFO 6160 --- [restartedMain] .w.s.a.s.AnnotationActionEndpointMapping : Supporting [WS-Addressing August 2004, WS-Addressing 1.0]
2023-03-22T12:11:16.373+01:00  INFO 6160 --- [restartedMain] o.s.b.w.embedded.tomcat.TomcatWebServer  : Tomcat initialized with port(s): 8082 (http)
2023-03-22T12:11:16.381+01:00  INFO 6160 --- [restartedMain] o.apache.catalina.core.StandardService   : Starting service [Tomcat]
2023-03-22T12:11:16.381+01:00  INFO 6160 --- [restartedMain] o.apache.catalina.core.StandardEngine    : Starting Servlet engine: [Apache Tomcat/10.1.5]
2023-03-22T12:11:16.422+01:00  INFO 6160 --- [restartedMain] o.a.c.c.C.[Tomcat].[localhost].[/]       : Initializing Spring embedded WebApplicationContext
2023-03-22T12:11:16.422+01:00  INFO 6160 --- [restartedMain] w.s.c.ServletWebServerApplicationContext : Root WebApplicationContext: initialization completed in 1099 ms
2023-03-22T12:11:16.520+01:00  INFO 6160 --- [restartedMain] o.hibernate.jpa.internal.util.LogHelper  : HHH000204: Processing PersistenceUnitInfo [name: default]
2023-03-22T12:11:16.561+01:00  INFO 6160 --- [restartedMain] org.hibernate.Version                    : HHH000412: Hibernate ORM core version 6.1.7.Final
2023-03-22T12:11:16.816+01:00  INFO 6160 --- [restartedMain] com.zaxxer.hikari.HikariDataSource       : HikariPool-1 - Starting...
2023-03-22T12:11:16.879+01:00  INFO 6160 --- [restartedMain] com.zaxxer.hikari.pool.HikariPool        : HikariPool-1 - Added connection org.mariadb.jdbc.Connection@4ae15df
2023-03-22T12:11:16.880+01:00  INFO 6160 --- [restartedMain] com.zaxxer.hikari.HikariDataSource       : HikariPool-1 - Start completed.
2023-03-22T12:11:16.903+01:00  INFO 6160 --- [restartedMain] SQL dialect                              : HHH000400: Using dialect: org.hibernate.dialect.MariaDBDialect
2023-03-22T12:11:17.360+01:00  INFO 6160 --- [restartedMain] o.h.e.t.j.p.i.JtaPlatformInitiator       : HHH000490: Using JtaPlatform implementation: [org.hibernate.engine.transaction.jta.platform.internal.NoJtaPlatform]
2023-03-22T12:11:17.368+01:00  INFO 6160 --- [restartedMain] j.LocalContainerEntityManagerFactoryBean : Initialized JPA EntityManagerFactory for persistence unit 'default'
2023-03-22T12:11:17.397+01:00  WARN 6160 --- [restartedMain] JpaBaseConfiguration$JpaWebConfiguration : spring.jpa.open-in-view is enabled by default. Therefore, database queries may be performed during view rendering. Explicitly configure spring.jpa.open-in-view to disable this warning
2023-03-22T12:11:17.491+01:00  INFO 6160 --- [restartedMain] o.s.b.a.w.s.WelcomePageHandlerMapping    : Adding welcome page template: index
2023-03-22T12:11:18.148+01:00  INFO 6160 --- [restartedMain] o.s.b.d.a.OptionalLiveReloadServer       : LiveReload server is running on port 35729
2023-03-22T12:11:18.185+01:00  INFO 6160 --- [restartedMain] o.s.b.w.embedded.tomcat.TomcatWebServer  : Tomcat started on port(s): 8082 (http) with context path ''
2023-03-22T12:11:18.192+01:00  INFO 6160 --- [restartedMain] c.e.c.ConverterKotlinApplicationKt       : Started ConverterKotlinApplicationKt in 3.246 seconds (process running for 4.095)
2023-03-22T12:13:49.728+01:00  INFO 6160 --- [http-nio-8082-exec-1] o.a.c.c.C.[Tomcat].[localhost].[/]       : Initializing Spring DispatcherServlet 'dispatcherServlet'
2023-03-22T12:13:49.729+01:00  INFO 6160 --- [http-nio-8082-exec-1] o.s.web.servlet.DispatcherServlet        : Initializing Servlet 'dispatcherServlet'
2023-03-22T12:13:49.740+01:00  INFO 6160 --- [http-nio-8082-exec-1] o.s.web.servlet.DispatcherServlet        : Completed initialization in 10 ms
2023-03-22T12:15:48.200+01:00  INFO 6160 --- [SpringApplicationShutdownHook] j.LocalContainerEntityManagerFactoryBean : Closing JPA EntityManagerFactory for persistence unit 'default'
2023-03-22T12:15:48.220+01:00  INFO 6160 --- [SpringApplicationShutdownHook] com.zaxxer.hikari.HikariDataSource       : HikariPool-1 - Shutdown initiated...
2023-03-22T12:15:48.240+01:00  INFO 6160 --- [SpringApplicationShutdownHook] com.zaxxer.hikari.HikariDataSource       : HikariPool-1 - Shutdown completed.
2023-03-22T12:15:55.042+01:00  INFO 8996 --- [restartedMain] c.e.c.ConverterKotlinApplicationKt       : Starting ConverterKotlinApplicationKt using Java 19.0.2 with PID 8996 (C:\Users\mf.FREUND\IdeaProjects\ConverterKotlin\build\classes\kotlin\main started by mf in C:\Users\mf.FREUND\IdeaProjects\ConverterKotlin)
2023-03-22T12:15:55.044+01:00  INFO 8996 --- [restartedMain] c.e.c.ConverterKotlinApplicationKt       : No active profile set, falling back to 1 default profile: "default"
2023-03-22T12:15:55.080+01:00  INFO 8996 --- [restartedMain] .e.DevToolsPropertyDefaultsPostProcessor : Devtools property defaults active! Set 'spring.devtools.add-properties' to 'false' to disable
2023-03-22T12:15:55.080+01:00  INFO 8996 --- [restartedMain] .e.DevToolsPropertyDefaultsPostProcessor : For additional web related logging consider setting the 'logging.level.web' property to 'DEBUG'
2023-03-22T12:15:55.597+01:00  INFO 8996 --- [restartedMain] .s.d.r.c.RepositoryConfigurationDelegate : Bootstrapping Spring Data JPA repositories in DEFAULT mode.
2023-03-22T12:15:55.643+01:00  INFO 8996 --- [restartedMain] .s.d.r.c.RepositoryConfigurationDelegate : Finished Spring Data repository scanning in 41 ms. Found 3 JPA repository interfaces.
2023-03-22T12:15:55.839+01:00  INFO 8996 --- [restartedMain] trationDelegate$BeanPostProcessorChecker : Bean 'org.springframework.ws.config.annotation.DelegatingWsConfiguration' of type [org.springframework.ws.config.annotation.DelegatingWsConfiguration$$SpringCGLIB$$0] is not eligible for getting processed by all BeanPostProcessors (for example: not eligible for auto-proxying)
2023-03-22T12:15:55.884+01:00  INFO 8996 --- [restartedMain] .w.s.a.s.AnnotationActionEndpointMapping : Supporting [WS-Addressing August 2004, WS-Addressing 1.0]
2023-03-22T12:15:56.131+01:00  INFO 8996 --- [restartedMain] o.s.b.w.embedded.tomcat.TomcatWebServer  : Tomcat initialized with port(s): 8082 (http)
2023-03-22T12:15:56.140+01:00  INFO 8996 --- [restartedMain] o.apache.catalina.core.StandardService   : Starting service [Tomcat]
2023-03-22T12:15:56.140+01:00  INFO 8996 --- [restartedMain] o.apache.catalina.core.StandardEngine    : Starting Servlet engine: [Apache Tomcat/10.1.5]
2023-03-22T12:15:56.202+01:00  INFO 8996 --- [restartedMain] o.a.c.c.C.[Tomcat].[localhost].[/]       : Initializing Spring embedded WebApplicationContext
2023-03-22T12:15:56.202+01:00  INFO 8996 --- [restartedMain] w.s.c.ServletWebServerApplicationContext : Root WebApplicationContext: initialization completed in 1122 ms
2023-03-22T12:15:56.335+01:00  INFO 8996 --- [restartedMain] o.hibernate.jpa.internal.util.LogHelper  : HHH000204: Processing PersistenceUnitInfo [name: default]
2023-03-22T12:15:56.436+01:00  INFO 8996 --- [restartedMain] org.hibernate.Version                    : HHH000412: Hibernate ORM core version 6.1.7.Final
2023-03-22T12:15:56.812+01:00  INFO 8996 --- [restartedMain] com.zaxxer.hikari.HikariDataSource       : HikariPool-1 - Starting...
2023-03-22T12:15:56.887+01:00  INFO 8996 --- [restartedMain] com.zaxxer.hikari.pool.HikariPool        : HikariPool-1 - Added connection org.mariadb.jdbc.Connection@1b0d9aa1
2023-03-22T12:15:56.890+01:00  INFO 8996 --- [restartedMain] com.zaxxer.hikari.HikariDataSource       : HikariPool-1 - Start completed.
2023-03-22T12:15:56.967+01:00  INFO 8996 --- [restartedMain] SQL dialect                              : HHH000400: Using dialect: org.hibernate.dialect.MariaDBDialect
2023-03-22T12:15:57.978+01:00  INFO 8996 --- [restartedMain] o.h.e.t.j.p.i.JtaPlatformInitiator       : HHH000490: Using JtaPlatform implementation: [org.hibernate.engine.transaction.jta.platform.internal.NoJtaPlatform]
2023-03-22T12:15:57.990+01:00  INFO 8996 --- [restartedMain] j.LocalContainerEntityManagerFactoryBean : Initialized JPA EntityManagerFactory for persistence unit 'default'
2023-03-22T12:15:58.047+01:00  WARN 8996 --- [restartedMain] JpaBaseConfiguration$JpaWebConfiguration : spring.jpa.open-in-view is enabled by default. Therefore, database queries may be performed during view rendering. Explicitly configure spring.jpa.open-in-view to disable this warning
2023-03-22T12:15:58.250+01:00  INFO 8996 --- [restartedMain] o.s.b.a.w.s.WelcomePageHandlerMapping    : Adding welcome page template: index
2023-03-22T12:15:58.923+01:00  INFO 8996 --- [restartedMain] o.s.b.d.a.OptionalLiveReloadServer       : LiveReload server is running on port 35729
2023-03-22T12:15:58.948+01:00  INFO 8996 --- [restartedMain] o.s.b.w.embedded.tomcat.TomcatWebServer  : Tomcat started on port(s): 8082 (http) with context path ''
2023-03-22T12:15:58.955+01:00  INFO 8996 --- [restartedMain] c.e.c.ConverterKotlinApplicationKt       : Started ConverterKotlinApplicationKt in 4.319 seconds (process running for 5.346)
2023-03-22T12:16:02.519+01:00  INFO 8996 --- [http-nio-8082-exec-1] o.a.c.c.C.[Tomcat].[localhost].[/]       : Initializing Spring DispatcherServlet 'dispatcherServlet'
2023-03-22T12:16:02.519+01:00  INFO 8996 --- [http-nio-8082-exec-1] o.s.web.servlet.DispatcherServlet        : Initializing Servlet 'dispatcherServlet'
2023-03-22T12:16:02.521+01:00  INFO 8996 --- [http-nio-8082-exec-1] o.s.web.servlet.DispatcherServlet        : Completed initialization in 0 ms
2023-03-22T12:16:25.587+01:00  INFO 8996 --- [SpringApplicationShutdownHook] j.LocalContainerEntityManagerFactoryBean : Closing JPA EntityManagerFactory for persistence unit 'default'
2023-03-22T12:16:25.590+01:00  INFO 8996 --- [SpringApplicationShutdownHook] com.zaxxer.hikari.HikariDataSource       : HikariPool-1 - Shutdown initiated...
2023-03-22T12:16:25.595+01:00  INFO 8996 --- [SpringApplicationShutdownHook] com.zaxxer.hikari.HikariDataSource       : HikariPool-1 - Shutdown completed.
2023-03-22T12:16:28.981+01:00  INFO 14120 --- [restartedMain] c.e.c.ConverterKotlinApplicationKt       : Starting ConverterKotlinApplicationKt using Java 19.0.2 with PID 14120 (C:\Users\mf.FREUND\IdeaProjects\ConverterKotlin\build\classes\kotlin\main started by mf in C:\Users\mf.FREUND\IdeaProjects\ConverterKotlin)
2023-03-22T12:16:28.983+01:00  INFO 14120 --- [restartedMain] c.e.c.ConverterKotlinApplicationKt       : No active profile set, falling back to 1 default profile: "default"
2023-03-22T12:16:29.019+01:00  INFO 14120 --- [restartedMain] .e.DevToolsPropertyDefaultsPostProcessor : Devtools property defaults active! Set 'spring.devtools.add-properties' to 'false' to disable
2023-03-22T12:16:29.019+01:00  INFO 14120 --- [restartedMain] .e.DevToolsPropertyDefaultsPostProcessor : For additional web related logging consider setting the 'logging.level.web' property to 'DEBUG'
2023-03-22T12:16:29.509+01:00  INFO 14120 --- [restartedMain] .s.d.r.c.RepositoryConfigurationDelegate : Bootstrapping Spring Data JPA repositories in DEFAULT mode.
2023-03-22T12:16:29.550+01:00  INFO 14120 --- [restartedMain] .s.d.r.c.RepositoryConfigurationDelegate : Finished Spring Data repository scanning in 36 ms. Found 3 JPA repository interfaces.
2023-03-22T12:16:29.730+01:00  INFO 14120 --- [restartedMain] trationDelegate$BeanPostProcessorChecker : Bean 'org.springframework.ws.config.annotation.DelegatingWsConfiguration' of type [org.springframework.ws.config.annotation.DelegatingWsConfiguration$$SpringCGLIB$$0] is not eligible for getting processed by all BeanPostProcessors (for example: not eligible for auto-proxying)
2023-03-22T12:16:29.777+01:00  INFO 14120 --- [restartedMain] .w.s.a.s.AnnotationActionEndpointMapping : Supporting [WS-Addressing August 2004, WS-Addressing 1.0]
2023-03-22T12:16:29.995+01:00  INFO 14120 --- [restartedMain] o.s.b.w.embedded.tomcat.TomcatWebServer  : Tomcat initialized with port(s): 8082 (http)
2023-03-22T12:16:30.003+01:00  INFO 14120 --- [restartedMain] o.apache.catalina.core.StandardService   : Starting service [Tomcat]
2023-03-22T12:16:30.003+01:00  INFO 14120 --- [restartedMain] o.apache.catalina.core.StandardEngine    : Starting Servlet engine: [Apache Tomcat/10.1.5]
2023-03-22T12:16:30.041+01:00  INFO 14120 --- [restartedMain] o.a.c.c.C.[Tomcat].[localhost].[/]       : Initializing Spring embedded WebApplicationContext
2023-03-22T12:16:30.041+01:00  INFO 14120 --- [restartedMain] w.s.c.ServletWebServerApplicationContext : Root WebApplicationContext: initialization completed in 1022 ms
2023-03-22T12:16:30.137+01:00  INFO 14120 --- [restartedMain] o.hibernate.jpa.internal.util.LogHelper  : HHH000204: Processing PersistenceUnitInfo [name: default]
2023-03-22T12:16:30.198+01:00  INFO 14120 --- [restartedMain] org.hibernate.Version                    : HHH000412: Hibernate ORM core version 6.1.7.Final
2023-03-22T12:16:30.468+01:00  INFO 14120 --- [restartedMain] com.zaxxer.hikari.HikariDataSource       : HikariPool-1 - Starting...
2023-03-22T12:16:30.537+01:00  INFO 14120 --- [restartedMain] com.zaxxer.hikari.pool.HikariPool        : HikariPool-1 - Added connection org.mariadb.jdbc.Connection@59117761
2023-03-22T12:16:30.538+01:00  INFO 14120 --- [restartedMain] com.zaxxer.hikari.HikariDataSource       : HikariPool-1 - Start completed.
2023-03-22T12:16:30.576+01:00  INFO 14120 --- [restartedMain] SQL dialect                              : HHH000400: Using dialect: org.hibernate.dialect.MariaDBDialect
2023-03-22T12:16:30.960+01:00  INFO 14120 --- [restartedMain] o.h.e.t.j.p.i.JtaPlatformInitiator       : HHH000490: Using JtaPlatform implementation: [org.hibernate.engine.transaction.jta.platform.internal.NoJtaPlatform]
2023-03-22T12:16:30.967+01:00  INFO 14120 --- [restartedMain] j.LocalContainerEntityManagerFactoryBean : Initialized JPA EntityManagerFactory for persistence unit 'default'
2023-03-22T12:16:30.997+01:00  WARN 14120 --- [restartedMain] JpaBaseConfiguration$JpaWebConfiguration : spring.jpa.open-in-view is enabled by default. Therefore, database queries may be performed during view rendering. Explicitly configure spring.jpa.open-in-view to disable this warning
2023-03-22T12:16:31.083+01:00  INFO 14120 --- [restartedMain] o.s.b.a.w.s.WelcomePageHandlerMapping    : Adding welcome page template: index
2023-03-22T12:16:31.704+01:00  INFO 14120 --- [restartedMain] o.s.b.d.a.OptionalLiveReloadServer       : LiveReload server is running on port 35729
2023-03-22T12:16:31.732+01:00  INFO 14120 --- [restartedMain] o.s.b.w.embedded.tomcat.TomcatWebServer  : Tomcat started on port(s): 8082 (http) with context path ''
2023-03-22T12:16:31.739+01:00  INFO 14120 --- [restartedMain] c.e.c.ConverterKotlinApplicationKt       : Started ConverterKotlinApplicationKt in 3.151 seconds (process running for 4.05)
2023-03-22T12:16:34.706+01:00  INFO 14120 --- [http-nio-8082-exec-1] o.a.c.c.C.[Tomcat].[localhost].[/]       : Initializing Spring DispatcherServlet 'dispatcherServlet'
2023-03-22T12:16:34.707+01:00  INFO 14120 --- [http-nio-8082-exec-1] o.s.web.servlet.DispatcherServlet        : Initializing Servlet 'dispatcherServlet'
2023-03-22T12:16:34.708+01:00  INFO 14120 --- [http-nio-8082-exec-1] o.s.web.servlet.DispatcherServlet        : Completed initialization in 1 ms
2023-03-22T12:28:26.317+01:00  INFO 14120 --- [SpringApplicationShutdownHook] j.LocalContainerEntityManagerFactoryBean : Closing JPA EntityManagerFactory for persistence unit 'default'
2023-03-22T12:28:26.364+01:00  INFO 14120 --- [SpringApplicationShutdownHook] com.zaxxer.hikari.HikariDataSource       : HikariPool-1 - Shutdown initiated...
2023-03-22T12:28:26.386+01:00  INFO 14120 --- [SpringApplicationShutdownHook] com.zaxxer.hikari.HikariDataSource       : HikariPool-1 - Shutdown completed.
